<?xml version="1.0" encoding="UTF-8"?>
<!-- Generated by org.testng.reporters.JUnitReportReporter -->
<testsuite skipped="0" hostname="DESKTOP-P24M8Q1" name="Runner.Runner" tests="1" failures="0" timestamp="2020-07-17T11:03:59 IST" time="29.265" errors="1">
  <testcase name="runScenario" time="29.265" classname="Runner.Runner">
    <error type="io.cucumber.java.PendingException" message="TODO: implement me">
      <![CDATA[io.cucumber.java.PendingException: TODO: implement me
at StepDefinition.Login.the_user_click_on_login_button(Login.java:42)
at âœ½.the user click on Login button(file:///C:/Users/binat/eclipse-workspace/NestAway/./src/test/java/Features/Login.feature:9)
]]>
    </error>
  </testcase> <!-- runScenario -->
  <system-out/>
</testsuite> <!-- Runner.Runner -->
